INFO [2025-05-21 15:10:40] $x
INFO [2025-05-21 15:10:40] gene_lists
INFO [2025-05-21 15:10:40] 
INFO [2025-05-21 15:10:40] $category.names
INFO [2025-05-21 15:10:40] cluster_order
INFO [2025-05-21 15:10:40] 
INFO [2025-05-21 15:10:40] $filename
INFO [2025-05-21 15:10:40] NULL
INFO [2025-05-21 15:10:40] 
INFO [2025-05-21 15:10:40] $output
INFO [2025-05-21 15:10:40] [1] TRUE
INFO [2025-05-21 15:10:40] 
INFO [2025-05-21 15:10:40] $imagetype
INFO [2025-05-21 15:10:40] [1] "png"
INFO [2025-05-21 15:10:40] 
INFO [2025-05-21 15:10:40] $height
INFO [2025-05-21 15:10:40] [1] 3000
INFO [2025-05-21 15:10:40] 
INFO [2025-05-21 15:10:40] $width
INFO [2025-05-21 15:10:40] [1] 3000
INFO [2025-05-21 15:10:40] 
INFO [2025-05-21 15:10:40] $resolution
INFO [2025-05-21 15:10:40] [1] 500
INFO [2025-05-21 15:10:40] 
INFO [2025-05-21 15:10:40] $fill
INFO [2025-05-21 15:10:40] colors
INFO [2025-05-21 15:10:40] 
INFO [2025-05-21 15:10:40] $col
INFO [2025-05-21 15:10:40] [1] "black"
INFO [2025-05-21 15:10:40] 
INFO [2025-05-21 15:10:40] $cex
INFO [2025-05-21 15:10:40] [1] 2.2
INFO [2025-05-21 15:10:40] 
INFO [2025-05-21 15:10:40] $fontface
INFO [2025-05-21 15:10:40] [1] "bold"
INFO [2025-05-21 15:10:40] 
INFO [2025-05-21 15:10:40] $fontfamily
INFO [2025-05-21 15:10:40] [1] "sans"
INFO [2025-05-21 15:10:40] 
INFO [2025-05-21 15:10:40] $cat.cex
INFO [2025-05-21 15:10:40] [1] 2
INFO [2025-05-21 15:10:40] 
INFO [2025-05-21 15:10:40] $cat.fontface
INFO [2025-05-21 15:10:40] [1] "bold"
INFO [2025-05-21 15:10:40] 
INFO [2025-05-21 15:10:40] $cat.fontfamily
INFO [2025-05-21 15:10:40] [1] "sans"
INFO [2025-05-21 15:10:40] 
INFO [2025-05-21 15:10:40] $cat.col
INFO [2025-05-21 15:10:40] colors
INFO [2025-05-21 15:10:40] 
INFO [2025-05-21 15:10:40] $cat.dist
INFO [2025-05-21 15:10:40] [1] 0.06
INFO [2025-05-21 15:10:40] 
INFO [2025-05-21 15:10:40] $cat.pos
INFO [2025-05-21 15:10:40] c(-10, 10, -150)
INFO [2025-05-21 15:10:40] 
INFO [2025-05-21 15:10:40] $margin
INFO [2025-05-21 15:10:40] [1] 0.05
INFO [2025-05-21 15:10:40] 
INFO [2025-05-21 15:10:40] $bg
INFO [2025-05-21 15:10:40] [1] "white"
INFO [2025-05-21 15:10:40] 
